Analysis & Synthesis report for FFT
Fri Jun 19 08:30:50 2020
Quartus II 64-Bit Version 13.0.1 Build 232 06/12/2013 Service Pack 1 SJ Web Edition


---------------------
; Table of Contents ;
---------------------
  1. Legal Notice
  2. Analysis & Synthesis Summary
  3. Analysis & Synthesis Settings
  4. Parallel Compilation
  5. Analysis & Synthesis Source Files Read
  6. Analysis & Synthesis Resource Usage Summary
  7. Analysis & Synthesis Resource Utilization by Entity
  8. General Register Statistics
  9. Parameter Settings for User Entity Instance: Top-level Entity: |FFT
 10. Parameter Settings for User Entity Instance: FFT:\general:fft1
 11. Parameter Settings for User Entity Instance: FFT:\general:fft1|FFT:\general:fft1
 12. Parameter Settings for User Entity Instance: FFT:\general:fft1|FFT:\general:fft1|FFT:\general:fft1
 13. Parameter Settings for User Entity Instance: FFT:\general:fft1|FFT:\general:fft1|FFT:\general:fft0
 14. Parameter Settings for User Entity Instance: FFT:\general:fft1|FFT:\general:fft0
 15. Parameter Settings for User Entity Instance: FFT:\general:fft1|FFT:\general:fft0|FFT:\general:fft1
 16. Parameter Settings for User Entity Instance: FFT:\general:fft1|FFT:\general:fft0|FFT:\general:fft0
 17. Parameter Settings for User Entity Instance: FFT:\general:fft0
 18. Parameter Settings for User Entity Instance: FFT:\general:fft0|FFT:\general:fft1
 19. Parameter Settings for User Entity Instance: FFT:\general:fft0|FFT:\general:fft1|FFT:\general:fft1
 20. Parameter Settings for User Entity Instance: FFT:\general:fft0|FFT:\general:fft1|FFT:\general:fft0
 21. Parameter Settings for User Entity Instance: FFT:\general:fft0|FFT:\general:fft0
 22. Parameter Settings for User Entity Instance: FFT:\general:fft0|FFT:\general:fft0|FFT:\general:fft1
 23. Parameter Settings for User Entity Instance: FFT:\general:fft0|FFT:\general:fft0|FFT:\general:fft0
 24. Parameter Settings for Inferred Entity Instance: lpm_mult:Mult5
 25. Parameter Settings for Inferred Entity Instance: lpm_mult:Mult4
 26. Parameter Settings for Inferred Entity Instance: lpm_mult:Mult1
 27. Parameter Settings for Inferred Entity Instance: lpm_mult:Mult0
 28. Parameter Settings for Inferred Entity Instance: lpm_mult:Mult3
 29. Parameter Settings for Inferred Entity Instance: lpm_mult:Mult2
 30. lpm_mult Parameter Settings by Entity Instance
 31. Elapsed Time Per Partition
 32. Analysis & Synthesis Messages



----------------
; Legal Notice ;
----------------
Copyright (C) 1991-2013 Altera Corporation
Your use of Altera Corporation's design tools, logic functions 
and other software and tools, and its AMPP partner logic 
functions, and any output files from any of the foregoing 
(including device programming or simulation files), and any 
associated documentation or information are expressly subject 
to the terms and conditions of the Altera Program License 
Subscription Agreement, Altera MegaCore Function License 
Agreement, or other applicable license agreement, including, 
without limitation, that your use is for the sole purpose of 
programming logic devices manufactured by Altera and sold by 
Altera or its authorized distributors.  Please refer to the 
applicable agreement for further details.



+--------------------------------------------------------------------------------------+
; Analysis & Synthesis Summary                                                         ;
+------------------------------------+-------------------------------------------------+
; Analysis & Synthesis Status        ; Successful - Fri Jun 19 08:30:50 2020           ;
; Quartus II 64-Bit Version          ; 13.0.1 Build 232 06/12/2013 SP 1 SJ Web Edition ;
; Revision Name                      ; FFT                                             ;
; Top-level Entity Name              ; FFT                                             ;
; Family                             ; Cyclone II                                      ;
; Total logic elements               ; 997                                             ;
;     Total combinational functions  ; 997                                             ;
;     Dedicated logic registers      ; 0                                               ;
; Total registers                    ; 0                                               ;
; Total pins                         ; 304                                             ;
; Total virtual pins                 ; 0                                               ;
; Total memory bits                  ; 0                                               ;
; Embedded Multiplier 9-bit elements ; 0                                               ;
; Total PLLs                         ; 0                                               ;
+------------------------------------+-------------------------------------------------+


+----------------------------------------------------------------------------------------------------------------------+
; Analysis & Synthesis Settings                                                                                        ;
+----------------------------------------------------------------------------+--------------------+--------------------+
; Option                                                                     ; Setting            ; Default Value      ;
+----------------------------------------------------------------------------+--------------------+--------------------+
; Device                                                                     ; EP2C70F672C8       ;                    ;
; Top-level entity name                                                      ; FFT                ; FFT                ;
; Family name                                                                ; Cyclone II         ; Cyclone IV GX      ;
; Use smart compilation                                                      ; Off                ; Off                ;
; Enable parallel Assembler and TimeQuest Timing Analyzer during compilation ; On                 ; On                 ;
; Enable compact report table                                                ; Off                ; Off                ;
; Restructure Multiplexers                                                   ; Auto               ; Auto               ;
; Create Debugging Nodes for IP Cores                                        ; Off                ; Off                ;
; Preserve fewer node names                                                  ; On                 ; On                 ;
; Disable OpenCore Plus hardware evaluation                                  ; Off                ; Off                ;
; Verilog Version                                                            ; Verilog_2001       ; Verilog_2001       ;
; VHDL Version                                                               ; VHDL_1993          ; VHDL_1993          ;
; State Machine Processing                                                   ; Auto               ; Auto               ;
; Safe State Machine                                                         ; Off                ; Off                ;
; Extract Verilog State Machines                                             ; On                 ; On                 ;
; Extract VHDL State Machines                                                ; On                 ; On                 ;
; Ignore Verilog initial constructs                                          ; Off                ; Off                ;
; Iteration limit for constant Verilog loops                                 ; 5000               ; 5000               ;
; Iteration limit for non-constant Verilog loops                             ; 250                ; 250                ;
; Add Pass-Through Logic to Inferred RAMs                                    ; On                 ; On                 ;
; Infer RAMs from Raw Logic                                                  ; On                 ; On                 ;
; Parallel Synthesis                                                         ; On                 ; On                 ;
; DSP Block Balancing                                                        ; Auto               ; Auto               ;
; NOT Gate Push-Back                                                         ; On                 ; On                 ;
; Power-Up Don't Care                                                        ; On                 ; On                 ;
; Remove Redundant Logic Cells                                               ; Off                ; Off                ;
; Remove Duplicate Registers                                                 ; On                 ; On                 ;
; Ignore CARRY Buffers                                                       ; Off                ; Off                ;
; Ignore CASCADE Buffers                                                     ; Off                ; Off                ;
; Ignore GLOBAL Buffers                                                      ; Off                ; Off                ;
; Ignore ROW GLOBAL Buffers                                                  ; Off                ; Off                ;
; Ignore LCELL Buffers                                                       ; Off                ; Off                ;
; Ignore SOFT Buffers                                                        ; On                 ; On                 ;
; Limit AHDL Integers to 32 Bits                                             ; Off                ; Off                ;
; Optimization Technique                                                     ; Balanced           ; Balanced           ;
; Carry Chain Length                                                         ; 70                 ; 70                 ;
; Auto Carry Chains                                                          ; On                 ; On                 ;
; Auto Open-Drain Pins                                                       ; On                 ; On                 ;
; Perform WYSIWYG Primitive Resynthesis                                      ; Off                ; Off                ;
; Auto ROM Replacement                                                       ; On                 ; On                 ;
; Auto RAM Replacement                                                       ; On                 ; On                 ;
; Auto Shift Register Replacement                                            ; Auto               ; Auto               ;
; Allow Shift Register Merging across Hierarchies                            ; Auto               ; Auto               ;
; Auto Clock Enable Replacement                                              ; On                 ; On                 ;
; Strict RAM Replacement                                                     ; Off                ; Off                ;
; Allow Synchronous Control Signals                                          ; On                 ; On                 ;
; Force Use of Synchronous Clear Signals                                     ; Off                ; Off                ;
; Auto RAM to Logic Cell Conversion                                          ; Off                ; Off                ;
; Auto Resource Sharing                                                      ; Off                ; Off                ;
; Allow Any RAM Size For Recognition                                         ; Off                ; Off                ;
; Allow Any ROM Size For Recognition                                         ; Off                ; Off                ;
; Allow Any Shift Register Size For Recognition                              ; Off                ; Off                ;
; Use LogicLock Constraints during Resource Balancing                        ; On                 ; On                 ;
; Ignore translate_off and synthesis_off directives                          ; Off                ; Off                ;
; Timing-Driven Synthesis                                                    ; Off                ; Off                ;
; Report Parameter Settings                                                  ; On                 ; On                 ;
; Report Source Assignments                                                  ; On                 ; On                 ;
; Report Connectivity Checks                                                 ; On                 ; On                 ;
; Ignore Maximum Fan-Out Assignments                                         ; Off                ; Off                ;
; Synchronization Register Chain Length                                      ; 2                  ; 2                  ;
; PowerPlay Power Optimization                                               ; Normal compilation ; Normal compilation ;
; HDL message level                                                          ; Level2             ; Level2             ;
; Suppress Register Optimization Related Messages                            ; Off                ; Off                ;
; Number of Removed Registers Reported in Synthesis Report                   ; 5000               ; 5000               ;
; Number of Swept Nodes Reported in Synthesis Report                         ; 5000               ; 5000               ;
; Number of Inverted Registers Reported in Synthesis Report                  ; 100                ; 100                ;
; Clock MUX Protection                                                       ; On                 ; On                 ;
; Auto Gated Clock Conversion                                                ; Off                ; Off                ;
; Block Design Naming                                                        ; Auto               ; Auto               ;
; SDC constraint protection                                                  ; Off                ; Off                ;
; Synthesis Effort                                                           ; Auto               ; Auto               ;
; Shift Register Replacement - Allow Asynchronous Clear Signal               ; On                 ; On                 ;
; Pre-Mapping Resynthesis Optimization                                       ; Off                ; Off                ;
; Analysis & Synthesis Message Level                                         ; Medium             ; Medium             ;
; Disable Register Merging Across Hierarchies                                ; Auto               ; Auto               ;
; Resource Aware Inference For Block RAM                                     ; On                 ; On                 ;
; Synthesis Seed                                                             ; 1                  ; 1                  ;
+----------------------------------------------------------------------------+--------------------+--------------------+


+------------------------------------------+
; Parallel Compilation                     ;
+----------------------------+-------------+
; Processors                 ; Number      ;
+----------------------------+-------------+
; Number detected on machine ; 8           ;
; Maximum allowed            ; 4           ;
;                            ;             ;
; Average used               ; 1.00        ;
; Maximum used               ; 1           ;
;                            ;             ;
; Usage by Processor         ; % Time Used ;
;     Processor 1            ; 100.0%      ;
;     Processors 2-8         ;   0.0%      ;
+----------------------------+-------------+


+-------------------------------------------------------------------------------------------------------------------------------------------------------------------------------------------------+
; Analysis & Synthesis Source Files Read                                                                                                                                                          ;
+----------------------------------+-----------------+------------------------------+---------------------------------------------------------------------------------------------------+---------+
; File Name with User-Entered Path ; Used in Netlist ; File Type                    ; File Name with Absolute Path                                                                      ; Library ;
+----------------------------------+-----------------+------------------------------+---------------------------------------------------------------------------------------------------+---------+
; FFT.vhd                          ; yes             ; User VHDL File               ; D:/Tsinghua/2020Spring/DigitalLogicDesign/LightCube/MyCode/Music3D_FFT/FFT.vhd                    ;         ;
; fft_utils.vhd                    ; yes             ; User VHDL File               ; D:/Tsinghua/2020Spring/DigitalLogicDesign/LightCube/MyCode/Music3D_FFT/fft_utils.vhd              ;         ;
; fft_twiddle_factors_64.vhd       ; yes             ; User VHDL File               ; D:/Tsinghua/2020Spring/DigitalLogicDesign/LightCube/MyCode/Music3D_FFT/fft_twiddle_factors_64.vhd ;         ;
; lpm_mult.tdf                     ; yes             ; Megafunction                 ; d:/programs/altera/13.0sp1/quartus/libraries/megafunctions/lpm_mult.tdf                           ;         ;
; aglobal130.inc                   ; yes             ; Megafunction                 ; d:/programs/altera/13.0sp1/quartus/libraries/megafunctions/aglobal130.inc                         ;         ;
; lpm_add_sub.inc                  ; yes             ; Megafunction                 ; d:/programs/altera/13.0sp1/quartus/libraries/megafunctions/lpm_add_sub.inc                        ;         ;
; multcore.inc                     ; yes             ; Megafunction                 ; d:/programs/altera/13.0sp1/quartus/libraries/megafunctions/multcore.inc                           ;         ;
; bypassff.inc                     ; yes             ; Megafunction                 ; d:/programs/altera/13.0sp1/quartus/libraries/megafunctions/bypassff.inc                           ;         ;
; altshift.inc                     ; yes             ; Megafunction                 ; d:/programs/altera/13.0sp1/quartus/libraries/megafunctions/altshift.inc                           ;         ;
; multcore.tdf                     ; yes             ; Megafunction                 ; d:/programs/altera/13.0sp1/quartus/libraries/megafunctions/multcore.tdf                           ;         ;
; csa_add.inc                      ; yes             ; Megafunction                 ; d:/programs/altera/13.0sp1/quartus/libraries/megafunctions/csa_add.inc                            ;         ;
; mpar_add.inc                     ; yes             ; Megafunction                 ; d:/programs/altera/13.0sp1/quartus/libraries/megafunctions/mpar_add.inc                           ;         ;
; muleabz.inc                      ; yes             ; Megafunction                 ; d:/programs/altera/13.0sp1/quartus/libraries/megafunctions/muleabz.inc                            ;         ;
; mul_lfrg.inc                     ; yes             ; Megafunction                 ; d:/programs/altera/13.0sp1/quartus/libraries/megafunctions/mul_lfrg.inc                           ;         ;
; mul_boothc.inc                   ; yes             ; Megafunction                 ; d:/programs/altera/13.0sp1/quartus/libraries/megafunctions/mul_boothc.inc                         ;         ;
; alt_ded_mult.inc                 ; yes             ; Megafunction                 ; d:/programs/altera/13.0sp1/quartus/libraries/megafunctions/alt_ded_mult.inc                       ;         ;
; alt_ded_mult_y.inc               ; yes             ; Megafunction                 ; d:/programs/altera/13.0sp1/quartus/libraries/megafunctions/alt_ded_mult_y.inc                     ;         ;
; dffpipe.inc                      ; yes             ; Megafunction                 ; d:/programs/altera/13.0sp1/quartus/libraries/megafunctions/dffpipe.inc                            ;         ;
; mpar_add.tdf                     ; yes             ; Megafunction                 ; d:/programs/altera/13.0sp1/quartus/libraries/megafunctions/mpar_add.tdf                           ;         ;
; lpm_add_sub.tdf                  ; yes             ; Megafunction                 ; d:/programs/altera/13.0sp1/quartus/libraries/megafunctions/lpm_add_sub.tdf                        ;         ;
; addcore.inc                      ; yes             ; Megafunction                 ; d:/programs/altera/13.0sp1/quartus/libraries/megafunctions/addcore.inc                            ;         ;
; look_add.inc                     ; yes             ; Megafunction                 ; d:/programs/altera/13.0sp1/quartus/libraries/megafunctions/look_add.inc                           ;         ;
; alt_stratix_add_sub.inc          ; yes             ; Megafunction                 ; d:/programs/altera/13.0sp1/quartus/libraries/megafunctions/alt_stratix_add_sub.inc                ;         ;
; db/add_sub_v4h.tdf               ; yes             ; Auto-Generated Megafunction  ; D:/Tsinghua/2020Spring/DigitalLogicDesign/LightCube/MyCode/Music3D_FFT/db/add_sub_v4h.tdf         ;         ;
; db/add_sub_tfh.tdf               ; yes             ; Auto-Generated Megafunction  ; D:/Tsinghua/2020Spring/DigitalLogicDesign/LightCube/MyCode/Music3D_FFT/db/add_sub_tfh.tdf         ;         ;
; altshift.tdf                     ; yes             ; Megafunction                 ; d:/programs/altera/13.0sp1/quartus/libraries/megafunctions/altshift.tdf                           ;         ;
+----------------------------------+-----------------+------------------------------+---------------------------------------------------------------------------------------------------+---------+


+--------------------------------------------------------------------------------+
; Analysis & Synthesis Resource Usage Summary                                    ;
+---------------------------------------------+----------------------------------+
; Resource                                    ; Usage                            ;
+---------------------------------------------+----------------------------------+
; Estimated Total logic elements              ; 997                              ;
;                                             ;                                  ;
; Total combinational functions               ; 997                              ;
; Logic element usage by number of LUT inputs ;                                  ;
;     -- 4 input functions                    ; 102                              ;
;     -- 3 input functions                    ; 662                              ;
;     -- <=2 input functions                  ; 233                              ;
;                                             ;                                  ;
; Logic elements by mode                      ;                                  ;
;     -- normal mode                          ; 209                              ;
;     -- arithmetic mode                      ; 788                              ;
;                                             ;                                  ;
; Total registers                             ; 0                                ;
;     -- Dedicated logic registers            ; 0                                ;
;     -- I/O registers                        ; 0                                ;
;                                             ;                                  ;
; I/O pins                                    ; 304                              ;
; Embedded Multiplier 9-bit elements          ; 0                                ;
; Maximum fan-out node                        ; \general:summed_array_im[7][4]~0 ;
; Maximum fan-out                             ; 25                               ;
; Total fan-out                               ; 3017                             ;
; Average fan-out                             ; 2.32                             ;
+---------------------------------------------+----------------------------------+


+---------------------------------------------------------------------------------------------------------------------------------------------------------------------------------------------------------------------------------------------------------------------------------------------------------+
; Analysis & Synthesis Resource Utilization by Entity                                                                                                                                                                                                                                                     ;
+------------------------------------------------+-------------------+--------------+-------------+--------------+---------+-----------+------+--------------+-----------------------------------------------------------------------------------------------------------------------------+--------------+
; Compilation Hierarchy Node                     ; LC Combinationals ; LC Registers ; Memory Bits ; DSP Elements ; DSP 9x9 ; DSP 18x18 ; Pins ; Virtual Pins ; Full Hierarchy Name                                                                                                         ; Library Name ;
+------------------------------------------------+-------------------+--------------+-------------+--------------+---------+-----------+------+--------------+-----------------------------------------------------------------------------------------------------------------------------+--------------+
; |FFT                                           ; 997 (229)         ; 0 (0)        ; 0           ; 0            ; 0       ; 0         ; 304  ; 0            ; |FFT                                                                                                                        ; work         ;
;    |FFT:\general:fft0|                         ; 218 (130)         ; 0 (0)        ; 0           ; 0            ; 0       ; 0         ; 0    ; 0            ; |FFT|FFT:\general:fft0                                                                                                      ; work         ;
;       |FFT:\general:fft0|                      ; 44 (44)           ; 0 (0)        ; 0           ; 0            ; 0       ; 0         ; 0    ; 0            ; |FFT|FFT:\general:fft0|FFT:\general:fft0                                                                                    ; work         ;
;       |FFT:\general:fft1|                      ; 44 (44)           ; 0 (0)        ; 0           ; 0            ; 0       ; 0         ; 0    ; 0            ; |FFT|FFT:\general:fft0|FFT:\general:fft1                                                                                    ; work         ;
;    |FFT:\general:fft1|                         ; 220 (132)         ; 0 (0)        ; 0           ; 0            ; 0       ; 0         ; 0    ; 0            ; |FFT|FFT:\general:fft1                                                                                                      ; work         ;
;       |FFT:\general:fft0|                      ; 44 (44)           ; 0 (0)        ; 0           ; 0            ; 0       ; 0         ; 0    ; 0            ; |FFT|FFT:\general:fft1|FFT:\general:fft0                                                                                    ; work         ;
;       |FFT:\general:fft1|                      ; 44 (44)           ; 0 (0)        ; 0           ; 0            ; 0       ; 0         ; 0    ; 0            ; |FFT|FFT:\general:fft1|FFT:\general:fft1                                                                                    ; work         ;
;    |lpm_mult:Mult0|                            ; 64 (0)            ; 0 (0)        ; 0           ; 0            ; 0       ; 0         ; 0    ; 0            ; |FFT|lpm_mult:Mult0                                                                                                         ; work         ;
;       |multcore:mult_core|                     ; 64 (30)           ; 0 (0)        ; 0           ; 0            ; 0       ; 0         ; 0    ; 0            ; |FFT|lpm_mult:Mult0|multcore:mult_core                                                                                      ; work         ;
;          |mpar_add:padder|                     ; 34 (0)            ; 0 (0)        ; 0           ; 0            ; 0       ; 0         ; 0    ; 0            ; |FFT|lpm_mult:Mult0|multcore:mult_core|mpar_add:padder                                                                      ; work         ;
;             |lpm_add_sub:adder[0]|             ; 19 (0)            ; 0 (0)        ; 0           ; 0            ; 0       ; 0         ; 0    ; 0            ; |FFT|lpm_mult:Mult0|multcore:mult_core|mpar_add:padder|lpm_add_sub:adder[0]                                                 ; work         ;
;                |add_sub_v4h:auto_generated|    ; 19 (19)           ; 0 (0)        ; 0           ; 0            ; 0       ; 0         ; 0    ; 0            ; |FFT|lpm_mult:Mult0|multcore:mult_core|mpar_add:padder|lpm_add_sub:adder[0]|add_sub_v4h:auto_generated                      ; work         ;
;             |mpar_add:sub_par_add|             ; 15 (0)            ; 0 (0)        ; 0           ; 0            ; 0       ; 0         ; 0    ; 0            ; |FFT|lpm_mult:Mult0|multcore:mult_core|mpar_add:padder|mpar_add:sub_par_add                                                 ; work         ;
;                |lpm_add_sub:adder[0]|          ; 15 (0)            ; 0 (0)        ; 0           ; 0            ; 0       ; 0         ; 0    ; 0            ; |FFT|lpm_mult:Mult0|multcore:mult_core|mpar_add:padder|mpar_add:sub_par_add|lpm_add_sub:adder[0]                            ; work         ;
;                   |add_sub_tfh:auto_generated| ; 15 (15)           ; 0 (0)        ; 0           ; 0            ; 0       ; 0         ; 0    ; 0            ; |FFT|lpm_mult:Mult0|multcore:mult_core|mpar_add:padder|mpar_add:sub_par_add|lpm_add_sub:adder[0]|add_sub_tfh:auto_generated ; work         ;
;    |lpm_mult:Mult1|                            ; 55 (0)            ; 0 (0)        ; 0           ; 0            ; 0       ; 0         ; 0    ; 0            ; |FFT|lpm_mult:Mult1                                                                                                         ; work         ;
;       |multcore:mult_core|                     ; 55 (22)           ; 0 (0)        ; 0           ; 0            ; 0       ; 0         ; 0    ; 0            ; |FFT|lpm_mult:Mult1|multcore:mult_core                                                                                      ; work         ;
;          |mpar_add:padder|                     ; 33 (0)            ; 0 (0)        ; 0           ; 0            ; 0       ; 0         ; 0    ; 0            ; |FFT|lpm_mult:Mult1|multcore:mult_core|mpar_add:padder                                                                      ; work         ;
;             |lpm_add_sub:adder[0]|             ; 17 (0)            ; 0 (0)        ; 0           ; 0            ; 0       ; 0         ; 0    ; 0            ; |FFT|lpm_mult:Mult1|multcore:mult_core|mpar_add:padder|lpm_add_sub:adder[0]                                                 ; work         ;
;                |add_sub_v4h:auto_generated|    ; 17 (17)           ; 0 (0)        ; 0           ; 0            ; 0       ; 0         ; 0    ; 0            ; |FFT|lpm_mult:Mult1|multcore:mult_core|mpar_add:padder|lpm_add_sub:adder[0]|add_sub_v4h:auto_generated                      ; work         ;
;             |mpar_add:sub_par_add|             ; 16 (0)            ; 0 (0)        ; 0           ; 0            ; 0       ; 0         ; 0    ; 0            ; |FFT|lpm_mult:Mult1|multcore:mult_core|mpar_add:padder|mpar_add:sub_par_add                                                 ; work         ;
;                |lpm_add_sub:adder[0]|          ; 16 (0)            ; 0 (0)        ; 0           ; 0            ; 0       ; 0         ; 0    ; 0            ; |FFT|lpm_mult:Mult1|multcore:mult_core|mpar_add:padder|mpar_add:sub_par_add|lpm_add_sub:adder[0]                            ; work         ;
;                   |add_sub_tfh:auto_generated| ; 16 (16)           ; 0 (0)        ; 0           ; 0            ; 0       ; 0         ; 0    ; 0            ; |FFT|lpm_mult:Mult1|multcore:mult_core|mpar_add:padder|mpar_add:sub_par_add|lpm_add_sub:adder[0]|add_sub_tfh:auto_generated ; work         ;
;    |lpm_mult:Mult2|                            ; 48 (0)            ; 0 (0)        ; 0           ; 0            ; 0       ; 0         ; 0    ; 0            ; |FFT|lpm_mult:Mult2                                                                                                         ; work         ;
;       |multcore:mult_core|                     ; 48 (15)           ; 0 (0)        ; 0           ; 0            ; 0       ; 0         ; 0    ; 0            ; |FFT|lpm_mult:Mult2|multcore:mult_core                                                                                      ; work         ;
;          |mpar_add:padder|                     ; 33 (0)            ; 0 (0)        ; 0           ; 0            ; 0       ; 0         ; 0    ; 0            ; |FFT|lpm_mult:Mult2|multcore:mult_core|mpar_add:padder                                                                      ; work         ;
;             |lpm_add_sub:adder[0]|             ; 17 (0)            ; 0 (0)        ; 0           ; 0            ; 0       ; 0         ; 0    ; 0            ; |FFT|lpm_mult:Mult2|multcore:mult_core|mpar_add:padder|lpm_add_sub:adder[0]                                                 ; work         ;
;                |add_sub_v4h:auto_generated|    ; 17 (17)           ; 0 (0)        ; 0           ; 0            ; 0       ; 0         ; 0    ; 0            ; |FFT|lpm_mult:Mult2|multcore:mult_core|mpar_add:padder|lpm_add_sub:adder[0]|add_sub_v4h:auto_generated                      ; work         ;
;             |mpar_add:sub_par_add|             ; 16 (0)            ; 0 (0)        ; 0           ; 0            ; 0       ; 0         ; 0    ; 0            ; |FFT|lpm_mult:Mult2|multcore:mult_core|mpar_add:padder|mpar_add:sub_par_add                                                 ; work         ;
;                |lpm_add_sub:adder[0]|          ; 16 (0)            ; 0 (0)        ; 0           ; 0            ; 0       ; 0         ; 0    ; 0            ; |FFT|lpm_mult:Mult2|multcore:mult_core|mpar_add:padder|mpar_add:sub_par_add|lpm_add_sub:adder[0]                            ; work         ;
;                   |add_sub_tfh:auto_generated| ; 16 (16)           ; 0 (0)        ; 0           ; 0            ; 0       ; 0         ; 0    ; 0            ; |FFT|lpm_mult:Mult2|multcore:mult_core|mpar_add:padder|mpar_add:sub_par_add|lpm_add_sub:adder[0]|add_sub_tfh:auto_generated ; work         ;
;    |lpm_mult:Mult3|                            ; 57 (0)            ; 0 (0)        ; 0           ; 0            ; 0       ; 0         ; 0    ; 0            ; |FFT|lpm_mult:Mult3                                                                                                         ; work         ;
;       |multcore:mult_core|                     ; 57 (23)           ; 0 (0)        ; 0           ; 0            ; 0       ; 0         ; 0    ; 0            ; |FFT|lpm_mult:Mult3|multcore:mult_core                                                                                      ; work         ;
;          |mpar_add:padder|                     ; 34 (0)            ; 0 (0)        ; 0           ; 0            ; 0       ; 0         ; 0    ; 0            ; |FFT|lpm_mult:Mult3|multcore:mult_core|mpar_add:padder                                                                      ; work         ;
;             |lpm_add_sub:adder[0]|             ; 19 (0)            ; 0 (0)        ; 0           ; 0            ; 0       ; 0         ; 0    ; 0            ; |FFT|lpm_mult:Mult3|multcore:mult_core|mpar_add:padder|lpm_add_sub:adder[0]                                                 ; work         ;
;                |add_sub_v4h:auto_generated|    ; 19 (19)           ; 0 (0)        ; 0           ; 0            ; 0       ; 0         ; 0    ; 0            ; |FFT|lpm_mult:Mult3|multcore:mult_core|mpar_add:padder|lpm_add_sub:adder[0]|add_sub_v4h:auto_generated                      ; work         ;
;             |mpar_add:sub_par_add|             ; 15 (0)            ; 0 (0)        ; 0           ; 0            ; 0       ; 0         ; 0    ; 0            ; |FFT|lpm_mult:Mult3|multcore:mult_core|mpar_add:padder|mpar_add:sub_par_add                                                 ; work         ;
;                |lpm_add_sub:adder[0]|          ; 15 (0)            ; 0 (0)        ; 0           ; 0            ; 0       ; 0         ; 0    ; 0            ; |FFT|lpm_mult:Mult3|multcore:mult_core|mpar_add:padder|mpar_add:sub_par_add|lpm_add_sub:adder[0]                            ; work         ;
;                   |add_sub_tfh:auto_generated| ; 15 (15)           ; 0 (0)        ; 0           ; 0            ; 0       ; 0         ; 0    ; 0            ; |FFT|lpm_mult:Mult3|multcore:mult_core|mpar_add:padder|mpar_add:sub_par_add|lpm_add_sub:adder[0]|add_sub_tfh:auto_generated ; work         ;
;    |lpm_mult:Mult4|                            ; 53 (0)            ; 0 (0)        ; 0           ; 0            ; 0       ; 0         ; 0    ; 0            ; |FFT|lpm_mult:Mult4                                                                                                         ; work         ;
;       |multcore:mult_core|                     ; 53 (20)           ; 0 (0)        ; 0           ; 0            ; 0       ; 0         ; 0    ; 0            ; |FFT|lpm_mult:Mult4|multcore:mult_core                                                                                      ; work         ;
;          |mpar_add:padder|                     ; 33 (0)            ; 0 (0)        ; 0           ; 0            ; 0       ; 0         ; 0    ; 0            ; |FFT|lpm_mult:Mult4|multcore:mult_core|mpar_add:padder                                                                      ; work         ;
;             |lpm_add_sub:adder[0]|             ; 17 (0)            ; 0 (0)        ; 0           ; 0            ; 0       ; 0         ; 0    ; 0            ; |FFT|lpm_mult:Mult4|multcore:mult_core|mpar_add:padder|lpm_add_sub:adder[0]                                                 ; work         ;
;                |add_sub_v4h:auto_generated|    ; 17 (17)           ; 0 (0)        ; 0           ; 0            ; 0       ; 0         ; 0    ; 0            ; |FFT|lpm_mult:Mult4|multcore:mult_core|mpar_add:padder|lpm_add_sub:adder[0]|add_sub_v4h:auto_generated                      ; work         ;
;             |mpar_add:sub_par_add|             ; 16 (0)            ; 0 (0)        ; 0           ; 0            ; 0       ; 0         ; 0    ; 0            ; |FFT|lpm_mult:Mult4|multcore:mult_core|mpar_add:padder|mpar_add:sub_par_add                                                 ; work         ;
;                |lpm_add_sub:adder[0]|          ; 16 (0)            ; 0 (0)        ; 0           ; 0            ; 0       ; 0         ; 0    ; 0            ; |FFT|lpm_mult:Mult4|multcore:mult_core|mpar_add:padder|mpar_add:sub_par_add|lpm_add_sub:adder[0]                            ; work         ;
;                   |add_sub_tfh:auto_generated| ; 16 (16)           ; 0 (0)        ; 0           ; 0            ; 0       ; 0         ; 0    ; 0            ; |FFT|lpm_mult:Mult4|multcore:mult_core|mpar_add:padder|mpar_add:sub_par_add|lpm_add_sub:adder[0]|add_sub_tfh:auto_generated ; work         ;
;    |lpm_mult:Mult5|                            ; 53 (0)            ; 0 (0)        ; 0           ; 0            ; 0       ; 0         ; 0    ; 0            ; |FFT|lpm_mult:Mult5                                                                                                         ; work         ;
;       |multcore:mult_core|                     ; 53 (20)           ; 0 (0)        ; 0           ; 0            ; 0       ; 0         ; 0    ; 0            ; |FFT|lpm_mult:Mult5|multcore:mult_core                                                                                      ; work         ;
;          |mpar_add:padder|                     ; 33 (0)            ; 0 (0)        ; 0           ; 0            ; 0       ; 0         ; 0    ; 0            ; |FFT|lpm_mult:Mult5|multcore:mult_core|mpar_add:padder                                                                      ; work         ;
;             |lpm_add_sub:adder[0]|             ; 17 (0)            ; 0 (0)        ; 0           ; 0            ; 0       ; 0         ; 0    ; 0            ; |FFT|lpm_mult:Mult5|multcore:mult_core|mpar_add:padder|lpm_add_sub:adder[0]                                                 ; work         ;
;                |add_sub_v4h:auto_generated|    ; 17 (17)           ; 0 (0)        ; 0           ; 0            ; 0       ; 0         ; 0    ; 0            ; |FFT|lpm_mult:Mult5|multcore:mult_core|mpar_add:padder|lpm_add_sub:adder[0]|add_sub_v4h:auto_generated                      ; work         ;
;             |mpar_add:sub_par_add|             ; 16 (0)            ; 0 (0)        ; 0           ; 0            ; 0       ; 0         ; 0    ; 0            ; |FFT|lpm_mult:Mult5|multcore:mult_core|mpar_add:padder|mpar_add:sub_par_add                                                 ; work         ;
;                |lpm_add_sub:adder[0]|          ; 16 (0)            ; 0 (0)        ; 0           ; 0            ; 0       ; 0         ; 0    ; 0            ; |FFT|lpm_mult:Mult5|multcore:mult_core|mpar_add:padder|mpar_add:sub_par_add|lpm_add_sub:adder[0]                            ; work         ;
;                   |add_sub_tfh:auto_generated| ; 16 (16)           ; 0 (0)        ; 0           ; 0            ; 0       ; 0         ; 0    ; 0            ; |FFT|lpm_mult:Mult5|multcore:mult_core|mpar_add:padder|mpar_add:sub_par_add|lpm_add_sub:adder[0]|add_sub_tfh:auto_generated ; work         ;
+------------------------------------------------+-------------------+--------------+-------------+--------------+---------+-----------+------+--------------+-----------------------------------------------------------------------------------------------------------------------------+--------------+
Note: For table entries with two numbers listed, the numbers in parentheses indicate the number of resources of the given type used by the specific entity alone. The numbers listed outside of parentheses indicate the total resources of the given type used by the specific entity and all of its sub-entities in the hierarchy.


+------------------------------------------------------+
; General Register Statistics                          ;
+----------------------------------------------+-------+
; Statistic                                    ; Value ;
+----------------------------------------------+-------+
; Total registers                              ; 0     ;
; Number of registers using Synchronous Clear  ; 0     ;
; Number of registers using Synchronous Load   ; 0     ;
; Number of registers using Asynchronous Clear ; 0     ;
; Number of registers using Asynchronous Load  ; 0     ;
; Number of registers using Clock Enable       ; 0     ;
; Number of registers using Preset             ; 0     ;
+----------------------------------------------+-------+


+---------------------------------------------------------------------+
; Parameter Settings for User Entity Instance: Top-level Entity: |FFT ;
+----------------------+-------+--------------------------------------+
; Parameter Name       ; Value ; Type                                 ;
+----------------------+-------+--------------------------------------+
; stages_done          ; 1     ; Signed Integer                       ;
; fft_size_exp         ; 3     ; Signed Integer                       ;
; bits_per_sample      ; 8     ; Signed Integer                       ;
; output_natural_order ; true  ; Enumerated                           ;
+----------------------+-------+--------------------------------------+
Note: In order to hide this table in the UI and the text report file, please set the "Show Parameter Settings in Synthesis Report" option in "Analysis and Synthesis Settings -> More Settings" to "Off".


+----------------------------------------------------------------+
; Parameter Settings for User Entity Instance: FFT:\general:fft1 ;
+----------------------+-------+---------------------------------+
; Parameter Name       ; Value ; Type                            ;
+----------------------+-------+---------------------------------+
; stages_done          ; 2     ; Signed Integer                  ;
; fft_size_exp         ; 2     ; Signed Integer                  ;
; bits_per_sample      ; 9     ; Signed Integer                  ;
; output_natural_order ; false ; Enumerated                      ;
+----------------------+-------+---------------------------------+
Note: In order to hide this table in the UI and the text report file, please set the "Show Parameter Settings in Synthesis Report" option in "Analysis and Synthesis Settings -> More Settings" to "Off".


+----------------------------------------------------------------------------------+
; Parameter Settings for User Entity Instance: FFT:\general:fft1|FFT:\general:fft1 ;
+----------------------+-------+---------------------------------------------------+
; Parameter Name       ; Value ; Type                                              ;
+----------------------+-------+---------------------------------------------------+
; stages_done          ; 3     ; Signed Integer                                    ;
; fft_size_exp         ; 1     ; Signed Integer                                    ;
; bits_per_sample      ; 10    ; Signed Integer                                    ;
; output_natural_order ; false ; Enumerated                                        ;
+----------------------+-------+---------------------------------------------------+
Note: In order to hide this table in the UI and the text report file, please set the "Show Parameter Settings in Synthesis Report" option in "Analysis and Synthesis Settings -> More Settings" to "Off".


+----------------------------------------------------------------------------------------------------+
; Parameter Settings for User Entity Instance: FFT:\general:fft1|FFT:\general:fft1|FFT:\general:fft1 ;
+----------------------+-------+---------------------------------------------------------------------+
; Parameter Name       ; Value ; Type                                                                ;
+----------------------+-------+---------------------------------------------------------------------+
; stages_done          ; 4     ; Signed Integer                                                      ;
; fft_size_exp         ; 0     ; Signed Integer                                                      ;
; bits_per_sample      ; 11    ; Signed Integer                                                      ;
; output_natural_order ; false ; Enumerated                                                          ;
+----------------------+-------+---------------------------------------------------------------------+
Note: In order to hide this table in the UI and the text report file, please set the "Show Parameter Settings in Synthesis Report" option in "Analysis and Synthesis Settings -> More Settings" to "Off".


+----------------------------------------------------------------------------------------------------+
; Parameter Settings for User Entity Instance: FFT:\general:fft1|FFT:\general:fft1|FFT:\general:fft0 ;
+----------------------+-------+---------------------------------------------------------------------+
; Parameter Name       ; Value ; Type                                                                ;
+----------------------+-------+---------------------------------------------------------------------+
; stages_done          ; 4     ; Signed Integer                                                      ;
; fft_size_exp         ; 0     ; Signed Integer                                                      ;
; bits_per_sample      ; 11    ; Signed Integer                                                      ;
; output_natural_order ; false ; Enumerated                                                          ;
+----------------------+-------+---------------------------------------------------------------------+
Note: In order to hide this table in the UI and the text report file, please set the "Show Parameter Settings in Synthesis Report" option in "Analysis and Synthesis Settings -> More Settings" to "Off".


+----------------------------------------------------------------------------------+
; Parameter Settings for User Entity Instance: FFT:\general:fft1|FFT:\general:fft0 ;
+----------------------+-------+---------------------------------------------------+
; Parameter Name       ; Value ; Type                                              ;
+----------------------+-------+---------------------------------------------------+
; stages_done          ; 3     ; Signed Integer                                    ;
; fft_size_exp         ; 1     ; Signed Integer                                    ;
; bits_per_sample      ; 10    ; Signed Integer                                    ;
; output_natural_order ; false ; Enumerated                                        ;
+----------------------+-------+---------------------------------------------------+
Note: In order to hide this table in the UI and the text report file, please set the "Show Parameter Settings in Synthesis Report" option in "Analysis and Synthesis Settings -> More Settings" to "Off".


+----------------------------------------------------------------------------------------------------+
; Parameter Settings for User Entity Instance: FFT:\general:fft1|FFT:\general:fft0|FFT:\general:fft1 ;
+----------------------+-------+---------------------------------------------------------------------+
; Parameter Name       ; Value ; Type                                                                ;
+----------------------+-------+---------------------------------------------------------------------+
; stages_done          ; 4     ; Signed Integer                                                      ;
; fft_size_exp         ; 0     ; Signed Integer                                                      ;
; bits_per_sample      ; 11    ; Signed Integer                                                      ;
; output_natural_order ; false ; Enumerated                                                          ;
+----------------------+-------+---------------------------------------------------------------------+
Note: In order to hide this table in the UI and the text report file, please set the "Show Parameter Settings in Synthesis Report" option in "Analysis and Synthesis Settings -> More Settings" to "Off".


+----------------------------------------------------------------------------------------------------+
; Parameter Settings for User Entity Instance: FFT:\general:fft1|FFT:\general:fft0|FFT:\general:fft0 ;
+----------------------+-------+---------------------------------------------------------------------+
; Parameter Name       ; Value ; Type                                                                ;
+----------------------+-------+---------------------------------------------------------------------+
; stages_done          ; 4     ; Signed Integer                                                      ;
; fft_size_exp         ; 0     ; Signed Integer                                                      ;
; bits_per_sample      ; 11    ; Signed Integer                                                      ;
; output_natural_order ; false ; Enumerated                                                          ;
+----------------------+-------+---------------------------------------------------------------------+
Note: In order to hide this table in the UI and the text report file, please set the "Show Parameter Settings in Synthesis Report" option in "Analysis and Synthesis Settings -> More Settings" to "Off".


+----------------------------------------------------------------+
; Parameter Settings for User Entity Instance: FFT:\general:fft0 ;
+----------------------+-------+---------------------------------+
; Parameter Name       ; Value ; Type                            ;
+----------------------+-------+---------------------------------+
; stages_done          ; 2     ; Signed Integer                  ;
; fft_size_exp         ; 2     ; Signed Integer                  ;
; bits_per_sample      ; 9     ; Signed Integer                  ;
; output_natural_order ; false ; Enumerated                      ;
+----------------------+-------+---------------------------------+
Note: In order to hide this table in the UI and the text report file, please set the "Show Parameter Settings in Synthesis Report" option in "Analysis and Synthesis Settings -> More Settings" to "Off".


+----------------------------------------------------------------------------------+
; Parameter Settings for User Entity Instance: FFT:\general:fft0|FFT:\general:fft1 ;
+----------------------+-------+---------------------------------------------------+
; Parameter Name       ; Value ; Type                                              ;
+----------------------+-------+---------------------------------------------------+
; stages_done          ; 3     ; Signed Integer                                    ;
; fft_size_exp         ; 1     ; Signed Integer                                    ;
; bits_per_sample      ; 10    ; Signed Integer                                    ;
; output_natural_order ; false ; Enumerated                                        ;
+----------------------+-------+---------------------------------------------------+
Note: In order to hide this table in the UI and the text report file, please set the "Show Parameter Settings in Synthesis Report" option in "Analysis and Synthesis Settings -> More Settings" to "Off".


+----------------------------------------------------------------------------------------------------+
; Parameter Settings for User Entity Instance: FFT:\general:fft0|FFT:\general:fft1|FFT:\general:fft1 ;
+----------------------+-------+---------------------------------------------------------------------+
; Parameter Name       ; Value ; Type                                                                ;
+----------------------+-------+---------------------------------------------------------------------+
; stages_done          ; 4     ; Signed Integer                                                      ;
; fft_size_exp         ; 0     ; Signed Integer                                                      ;
; bits_per_sample      ; 11    ; Signed Integer                                                      ;
; output_natural_order ; false ; Enumerated                                                          ;
+----------------------+-------+---------------------------------------------------------------------+
Note: In order to hide this table in the UI and the text report file, please set the "Show Parameter Settings in Synthesis Report" option in "Analysis and Synthesis Settings -> More Settings" to "Off".


+----------------------------------------------------------------------------------------------------+
; Parameter Settings for User Entity Instance: FFT:\general:fft0|FFT:\general:fft1|FFT:\general:fft0 ;
+----------------------+-------+---------------------------------------------------------------------+
; Parameter Name       ; Value ; Type                                                                ;
+----------------------+-------+---------------------------------------------------------------------+
; stages_done          ; 4     ; Signed Integer                                                      ;
; fft_size_exp         ; 0     ; Signed Integer                                                      ;
; bits_per_sample      ; 11    ; Signed Integer                                                      ;
; output_natural_order ; false ; Enumerated                                                          ;
+----------------------+-------+---------------------------------------------------------------------+
Note: In order to hide this table in the UI and the text report file, please set the "Show Parameter Settings in Synthesis Report" option in "Analysis and Synthesis Settings -> More Settings" to "Off".


+----------------------------------------------------------------------------------+
; Parameter Settings for User Entity Instance: FFT:\general:fft0|FFT:\general:fft0 ;
+----------------------+-------+---------------------------------------------------+
; Parameter Name       ; Value ; Type                                              ;
+----------------------+-------+---------------------------------------------------+
; stages_done          ; 3     ; Signed Integer                                    ;
; fft_size_exp         ; 1     ; Signed Integer                                    ;
; bits_per_sample      ; 10    ; Signed Integer                                    ;
; output_natural_order ; false ; Enumerated                                        ;
+----------------------+-------+---------------------------------------------------+
Note: In order to hide this table in the UI and the text report file, please set the "Show Parameter Settings in Synthesis Report" option in "Analysis and Synthesis Settings -> More Settings" to "Off".


+----------------------------------------------------------------------------------------------------+
; Parameter Settings for User Entity Instance: FFT:\general:fft0|FFT:\general:fft0|FFT:\general:fft1 ;
+----------------------+-------+---------------------------------------------------------------------+
; Parameter Name       ; Value ; Type                                                                ;
+----------------------+-------+---------------------------------------------------------------------+
; stages_done          ; 4     ; Signed Integer                                                      ;
; fft_size_exp         ; 0     ; Signed Integer                                                      ;
; bits_per_sample      ; 11    ; Signed Integer                                                      ;
; output_natural_order ; false ; Enumerated                                                          ;
+----------------------+-------+---------------------------------------------------------------------+
Note: In order to hide this table in the UI and the text report file, please set the "Show Parameter Settings in Synthesis Report" option in "Analysis and Synthesis Settings -> More Settings" to "Off".


+----------------------------------------------------------------------------------------------------+
; Parameter Settings for User Entity Instance: FFT:\general:fft0|FFT:\general:fft0|FFT:\general:fft0 ;
+----------------------+-------+---------------------------------------------------------------------+
; Parameter Name       ; Value ; Type                                                                ;
+----------------------+-------+---------------------------------------------------------------------+
; stages_done          ; 4     ; Signed Integer                                                      ;
; fft_size_exp         ; 0     ; Signed Integer                                                      ;
; bits_per_sample      ; 11    ; Signed Integer                                                      ;
; output_natural_order ; false ; Enumerated                                                          ;
+----------------------+-------+---------------------------------------------------------------------+
Note: In order to hide this table in the UI and the text report file, please set the "Show Parameter Settings in Synthesis Report" option in "Analysis and Synthesis Settings -> More Settings" to "Off".


+-----------------------------------------------------------------------------------+
; Parameter Settings for Inferred Entity Instance: lpm_mult:Mult5                   ;
+------------------------------------------------+------------+---------------------+
; Parameter Name                                 ; Value      ; Type                ;
+------------------------------------------------+------------+---------------------+
; AUTO_CARRY_CHAINS                              ; ON         ; AUTO_CARRY          ;
; IGNORE_CARRY_BUFFERS                           ; OFF        ; IGNORE_CARRY        ;
; AUTO_CASCADE_CHAINS                            ; ON         ; AUTO_CASCADE        ;
; IGNORE_CASCADE_BUFFERS                         ; OFF        ; IGNORE_CASCADE      ;
; LPM_WIDTHA                                     ; 9          ; Untyped             ;
; LPM_WIDTHB                                     ; 16         ; Untyped             ;
; LPM_WIDTHP                                     ; 25         ; Untyped             ;
; LPM_WIDTHR                                     ; 25         ; Untyped             ;
; LPM_WIDTHS                                     ; 1          ; Untyped             ;
; LPM_REPRESENTATION                             ; SIGNED     ; Untyped             ;
; LPM_PIPELINE                                   ; 0          ; Untyped             ;
; LATENCY                                        ; 0          ; Untyped             ;
; INPUT_A_IS_CONSTANT                            ; NO         ; Untyped             ;
; INPUT_B_IS_CONSTANT                            ; YES        ; Untyped             ;
; USE_EAB                                        ; OFF        ; Untyped             ;
; MAXIMIZE_SPEED                                 ; 5          ; Untyped             ;
; DEVICE_FAMILY                                  ; Cyclone II ; Untyped             ;
; CARRY_CHAIN                                    ; MANUAL     ; Untyped             ;
; APEX20K_TECHNOLOGY_MAPPER                      ; LUT        ; TECH_MAPPER_APEX20K ;
; DEDICATED_MULTIPLIER_CIRCUITRY                 ; AUTO       ; Untyped             ;
; DEDICATED_MULTIPLIER_MIN_INPUT_WIDTH_FOR_AUTO  ; 0          ; Untyped             ;
; DEDICATED_MULTIPLIER_MIN_OUTPUT_WIDTH_FOR_AUTO ; 0          ; Untyped             ;
; CBXI_PARAMETER                                 ; NOTHING    ; Untyped             ;
; INPUT_A_FIXED_VALUE                            ; Bx         ; Untyped             ;
; INPUT_B_FIXED_VALUE                            ; Bx         ; Untyped             ;
; USE_AHDL_IMPLEMENTATION                        ; OFF        ; Untyped             ;
+------------------------------------------------+------------+---------------------+
Note: In order to hide this table in the UI and the text report file, please set the "Show Parameter Settings in Synthesis Report" option in "Analysis and Synthesis Settings -> More Settings" to "Off".


+-----------------------------------------------------------------------------------+
; Parameter Settings for Inferred Entity Instance: lpm_mult:Mult4                   ;
+------------------------------------------------+------------+---------------------+
; Parameter Name                                 ; Value      ; Type                ;
+------------------------------------------------+------------+---------------------+
; AUTO_CARRY_CHAINS                              ; ON         ; AUTO_CARRY          ;
; IGNORE_CARRY_BUFFERS                           ; OFF        ; IGNORE_CARRY        ;
; AUTO_CASCADE_CHAINS                            ; ON         ; AUTO_CASCADE        ;
; IGNORE_CASCADE_BUFFERS                         ; OFF        ; IGNORE_CASCADE      ;
; LPM_WIDTHA                                     ; 9          ; Untyped             ;
; LPM_WIDTHB                                     ; 16         ; Untyped             ;
; LPM_WIDTHP                                     ; 25         ; Untyped             ;
; LPM_WIDTHR                                     ; 25         ; Untyped             ;
; LPM_WIDTHS                                     ; 1          ; Untyped             ;
; LPM_REPRESENTATION                             ; SIGNED     ; Untyped             ;
; LPM_PIPELINE                                   ; 0          ; Untyped             ;
; LATENCY                                        ; 0          ; Untyped             ;
; INPUT_A_IS_CONSTANT                            ; NO         ; Untyped             ;
; INPUT_B_IS_CONSTANT                            ; YES        ; Untyped             ;
; USE_EAB                                        ; OFF        ; Untyped             ;
; MAXIMIZE_SPEED                                 ; 5          ; Untyped             ;
; DEVICE_FAMILY                                  ; Cyclone II ; Untyped             ;
; CARRY_CHAIN                                    ; MANUAL     ; Untyped             ;
; APEX20K_TECHNOLOGY_MAPPER                      ; LUT        ; TECH_MAPPER_APEX20K ;
; DEDICATED_MULTIPLIER_CIRCUITRY                 ; AUTO       ; Untyped             ;
; DEDICATED_MULTIPLIER_MIN_INPUT_WIDTH_FOR_AUTO  ; 0          ; Untyped             ;
; DEDICATED_MULTIPLIER_MIN_OUTPUT_WIDTH_FOR_AUTO ; 0          ; Untyped             ;
; CBXI_PARAMETER                                 ; NOTHING    ; Untyped             ;
; INPUT_A_FIXED_VALUE                            ; Bx         ; Untyped             ;
; INPUT_B_FIXED_VALUE                            ; Bx         ; Untyped             ;
; USE_AHDL_IMPLEMENTATION                        ; OFF        ; Untyped             ;
+------------------------------------------------+------------+---------------------+
Note: In order to hide this table in the UI and the text report file, please set the "Show Parameter Settings in Synthesis Report" option in "Analysis and Synthesis Settings -> More Settings" to "Off".


+-----------------------------------------------------------------------------------+
; Parameter Settings for Inferred Entity Instance: lpm_mult:Mult1                   ;
+------------------------------------------------+------------+---------------------+
; Parameter Name                                 ; Value      ; Type                ;
+------------------------------------------------+------------+---------------------+
; AUTO_CARRY_CHAINS                              ; ON         ; AUTO_CARRY          ;
; IGNORE_CARRY_BUFFERS                           ; OFF        ; IGNORE_CARRY        ;
; AUTO_CASCADE_CHAINS                            ; ON         ; AUTO_CASCADE        ;
; IGNORE_CASCADE_BUFFERS                         ; OFF        ; IGNORE_CASCADE      ;
; LPM_WIDTHA                                     ; 9          ; Untyped             ;
; LPM_WIDTHB                                     ; 16         ; Untyped             ;
; LPM_WIDTHP                                     ; 25         ; Untyped             ;
; LPM_WIDTHR                                     ; 25         ; Untyped             ;
; LPM_WIDTHS                                     ; 1          ; Untyped             ;
; LPM_REPRESENTATION                             ; SIGNED     ; Untyped             ;
; LPM_PIPELINE                                   ; 0          ; Untyped             ;
; LATENCY                                        ; 0          ; Untyped             ;
; INPUT_A_IS_CONSTANT                            ; NO         ; Untyped             ;
; INPUT_B_IS_CONSTANT                            ; YES        ; Untyped             ;
; USE_EAB                                        ; OFF        ; Untyped             ;
; MAXIMIZE_SPEED                                 ; 5          ; Untyped             ;
; DEVICE_FAMILY                                  ; Cyclone II ; Untyped             ;
; CARRY_CHAIN                                    ; MANUAL     ; Untyped             ;
; APEX20K_TECHNOLOGY_MAPPER                      ; LUT        ; TECH_MAPPER_APEX20K ;
; DEDICATED_MULTIPLIER_CIRCUITRY                 ; AUTO       ; Untyped             ;
; DEDICATED_MULTIPLIER_MIN_INPUT_WIDTH_FOR_AUTO  ; 0          ; Untyped             ;
; DEDICATED_MULTIPLIER_MIN_OUTPUT_WIDTH_FOR_AUTO ; 0          ; Untyped             ;
; CBXI_PARAMETER                                 ; NOTHING    ; Untyped             ;
; INPUT_A_FIXED_VALUE                            ; Bx         ; Untyped             ;
; INPUT_B_FIXED_VALUE                            ; Bx         ; Untyped             ;
; USE_AHDL_IMPLEMENTATION                        ; OFF        ; Untyped             ;
+------------------------------------------------+------------+---------------------+
Note: In order to hide this table in the UI and the text report file, please set the "Show Parameter Settings in Synthesis Report" option in "Analysis and Synthesis Settings -> More Settings" to "Off".


+-----------------------------------------------------------------------------------+
; Parameter Settings for Inferred Entity Instance: lpm_mult:Mult0                   ;
+------------------------------------------------+------------+---------------------+
; Parameter Name                                 ; Value      ; Type                ;
+------------------------------------------------+------------+---------------------+
; AUTO_CARRY_CHAINS                              ; ON         ; AUTO_CARRY          ;
; IGNORE_CARRY_BUFFERS                           ; OFF        ; IGNORE_CARRY        ;
; AUTO_CASCADE_CHAINS                            ; ON         ; AUTO_CASCADE        ;
; IGNORE_CASCADE_BUFFERS                         ; OFF        ; IGNORE_CASCADE      ;
; LPM_WIDTHA                                     ; 9          ; Untyped             ;
; LPM_WIDTHB                                     ; 16         ; Untyped             ;
; LPM_WIDTHP                                     ; 25         ; Untyped             ;
; LPM_WIDTHR                                     ; 25         ; Untyped             ;
; LPM_WIDTHS                                     ; 1          ; Untyped             ;
; LPM_REPRESENTATION                             ; SIGNED     ; Untyped             ;
; LPM_PIPELINE                                   ; 0          ; Untyped             ;
; LATENCY                                        ; 0          ; Untyped             ;
; INPUT_A_IS_CONSTANT                            ; NO         ; Untyped             ;
; INPUT_B_IS_CONSTANT                            ; YES        ; Untyped             ;
; USE_EAB                                        ; OFF        ; Untyped             ;
; MAXIMIZE_SPEED                                 ; 5          ; Untyped             ;
; DEVICE_FAMILY                                  ; Cyclone II ; Untyped             ;
; CARRY_CHAIN                                    ; MANUAL     ; Untyped             ;
; APEX20K_TECHNOLOGY_MAPPER                      ; LUT        ; TECH_MAPPER_APEX20K ;
; DEDICATED_MULTIPLIER_CIRCUITRY                 ; AUTO       ; Untyped             ;
; DEDICATED_MULTIPLIER_MIN_INPUT_WIDTH_FOR_AUTO  ; 0          ; Untyped             ;
; DEDICATED_MULTIPLIER_MIN_OUTPUT_WIDTH_FOR_AUTO ; 0          ; Untyped             ;
; CBXI_PARAMETER                                 ; NOTHING    ; Untyped             ;
; INPUT_A_FIXED_VALUE                            ; Bx         ; Untyped             ;
; INPUT_B_FIXED_VALUE                            ; Bx         ; Untyped             ;
; USE_AHDL_IMPLEMENTATION                        ; OFF        ; Untyped             ;
+------------------------------------------------+------------+---------------------+
Note: In order to hide this table in the UI and the text report file, please set the "Show Parameter Settings in Synthesis Report" option in "Analysis and Synthesis Settings -> More Settings" to "Off".


+-----------------------------------------------------------------------------------+
; Parameter Settings for Inferred Entity Instance: lpm_mult:Mult3                   ;
+------------------------------------------------+------------+---------------------+
; Parameter Name                                 ; Value      ; Type                ;
+------------------------------------------------+------------+---------------------+
; AUTO_CARRY_CHAINS                              ; ON         ; AUTO_CARRY          ;
; IGNORE_CARRY_BUFFERS                           ; OFF        ; IGNORE_CARRY        ;
; AUTO_CASCADE_CHAINS                            ; ON         ; AUTO_CASCADE        ;
; IGNORE_CASCADE_BUFFERS                         ; OFF        ; IGNORE_CASCADE      ;
; LPM_WIDTHA                                     ; 9          ; Untyped             ;
; LPM_WIDTHB                                     ; 16         ; Untyped             ;
; LPM_WIDTHP                                     ; 25         ; Untyped             ;
; LPM_WIDTHR                                     ; 25         ; Untyped             ;
; LPM_WIDTHS                                     ; 1          ; Untyped             ;
; LPM_REPRESENTATION                             ; SIGNED     ; Untyped             ;
; LPM_PIPELINE                                   ; 0          ; Untyped             ;
; LATENCY                                        ; 0          ; Untyped             ;
; INPUT_A_IS_CONSTANT                            ; NO         ; Untyped             ;
; INPUT_B_IS_CONSTANT                            ; YES        ; Untyped             ;
; USE_EAB                                        ; OFF        ; Untyped             ;
; MAXIMIZE_SPEED                                 ; 5          ; Untyped             ;
; DEVICE_FAMILY                                  ; Cyclone II ; Untyped             ;
; CARRY_CHAIN                                    ; MANUAL     ; Untyped             ;
; APEX20K_TECHNOLOGY_MAPPER                      ; LUT        ; TECH_MAPPER_APEX20K ;
; DEDICATED_MULTIPLIER_CIRCUITRY                 ; AUTO       ; Untyped             ;
; DEDICATED_MULTIPLIER_MIN_INPUT_WIDTH_FOR_AUTO  ; 0          ; Untyped             ;
; DEDICATED_MULTIPLIER_MIN_OUTPUT_WIDTH_FOR_AUTO ; 0          ; Untyped             ;
; CBXI_PARAMETER                                 ; NOTHING    ; Untyped             ;
; INPUT_A_FIXED_VALUE                            ; Bx         ; Untyped             ;
; INPUT_B_FIXED_VALUE                            ; Bx         ; Untyped             ;
; USE_AHDL_IMPLEMENTATION                        ; OFF        ; Untyped             ;
+------------------------------------------------+------------+---------------------+
Note: In order to hide this table in the UI and the text report file, please set the "Show Parameter Settings in Synthesis Report" option in "Analysis and Synthesis Settings -> More Settings" to "Off".


+-----------------------------------------------------------------------------------+
; Parameter Settings for Inferred Entity Instance: lpm_mult:Mult2                   ;
+------------------------------------------------+------------+---------------------+
; Parameter Name                                 ; Value      ; Type                ;
+------------------------------------------------+------------+---------------------+
; AUTO_CARRY_CHAINS                              ; ON         ; AUTO_CARRY          ;
; IGNORE_CARRY_BUFFERS                           ; OFF        ; IGNORE_CARRY        ;
; AUTO_CASCADE_CHAINS                            ; ON         ; AUTO_CASCADE        ;
; IGNORE_CASCADE_BUFFERS                         ; OFF        ; IGNORE_CASCADE      ;
; LPM_WIDTHA                                     ; 9          ; Untyped             ;
; LPM_WIDTHB                                     ; 16         ; Untyped             ;
; LPM_WIDTHP                                     ; 25         ; Untyped             ;
; LPM_WIDTHR                                     ; 25         ; Untyped             ;
; LPM_WIDTHS                                     ; 1          ; Untyped             ;
; LPM_REPRESENTATION                             ; SIGNED     ; Untyped             ;
; LPM_PIPELINE                                   ; 0          ; Untyped             ;
; LATENCY                                        ; 0          ; Untyped             ;
; INPUT_A_IS_CONSTANT                            ; NO         ; Untyped             ;
; INPUT_B_IS_CONSTANT                            ; YES        ; Untyped             ;
; USE_EAB                                        ; OFF        ; Untyped             ;
; MAXIMIZE_SPEED                                 ; 5          ; Untyped             ;
; DEVICE_FAMILY                                  ; Cyclone II ; Untyped             ;
; CARRY_CHAIN                                    ; MANUAL     ; Untyped             ;
; APEX20K_TECHNOLOGY_MAPPER                      ; LUT        ; TECH_MAPPER_APEX20K ;
; DEDICATED_MULTIPLIER_CIRCUITRY                 ; AUTO       ; Untyped             ;
; DEDICATED_MULTIPLIER_MIN_INPUT_WIDTH_FOR_AUTO  ; 0          ; Untyped             ;
; DEDICATED_MULTIPLIER_MIN_OUTPUT_WIDTH_FOR_AUTO ; 0          ; Untyped             ;
; CBXI_PARAMETER                                 ; NOTHING    ; Untyped             ;
; INPUT_A_FIXED_VALUE                            ; Bx         ; Untyped             ;
; INPUT_B_FIXED_VALUE                            ; Bx         ; Untyped             ;
; USE_AHDL_IMPLEMENTATION                        ; OFF        ; Untyped             ;
+------------------------------------------------+------------+---------------------+
Note: In order to hide this table in the UI and the text report file, please set the "Show Parameter Settings in Synthesis Report" option in "Analysis and Synthesis Settings -> More Settings" to "Off".


+--------------------------------------------------------+
; lpm_mult Parameter Settings by Entity Instance         ;
+---------------------------------------+----------------+
; Name                                  ; Value          ;
+---------------------------------------+----------------+
; Number of entity instances            ; 6              ;
; Entity Instance                       ; lpm_mult:Mult5 ;
;     -- LPM_WIDTHA                     ; 9              ;
;     -- LPM_WIDTHB                     ; 16             ;
;     -- LPM_WIDTHP                     ; 25             ;
;     -- LPM_REPRESENTATION             ; SIGNED         ;
;     -- INPUT_A_IS_CONSTANT            ; NO             ;
;     -- INPUT_B_IS_CONSTANT            ; YES            ;
;     -- USE_EAB                        ; OFF            ;
;     -- DEDICATED_MULTIPLIER_CIRCUITRY ; AUTO           ;
;     -- INPUT_A_FIXED_VALUE            ; Bx             ;
;     -- INPUT_B_FIXED_VALUE            ; Bx             ;
; Entity Instance                       ; lpm_mult:Mult4 ;
;     -- LPM_WIDTHA                     ; 9              ;
;     -- LPM_WIDTHB                     ; 16             ;
;     -- LPM_WIDTHP                     ; 25             ;
;     -- LPM_REPRESENTATION             ; SIGNED         ;
;     -- INPUT_A_IS_CONSTANT            ; NO             ;
;     -- INPUT_B_IS_CONSTANT            ; YES            ;
;     -- USE_EAB                        ; OFF            ;
;     -- DEDICATED_MULTIPLIER_CIRCUITRY ; AUTO           ;
;     -- INPUT_A_FIXED_VALUE            ; Bx             ;
;     -- INPUT_B_FIXED_VALUE            ; Bx             ;
; Entity Instance                       ; lpm_mult:Mult1 ;
;     -- LPM_WIDTHA                     ; 9              ;
;     -- LPM_WIDTHB                     ; 16             ;
;     -- LPM_WIDTHP                     ; 25             ;
;     -- LPM_REPRESENTATION             ; SIGNED         ;
;     -- INPUT_A_IS_CONSTANT            ; NO             ;
;     -- INPUT_B_IS_CONSTANT            ; YES            ;
;     -- USE_EAB                        ; OFF            ;
;     -- DEDICATED_MULTIPLIER_CIRCUITRY ; AUTO           ;
;     -- INPUT_A_FIXED_VALUE            ; Bx             ;
;     -- INPUT_B_FIXED_VALUE            ; Bx             ;
; Entity Instance                       ; lpm_mult:Mult0 ;
;     -- LPM_WIDTHA                     ; 9              ;
;     -- LPM_WIDTHB                     ; 16             ;
;     -- LPM_WIDTHP                     ; 25             ;
;     -- LPM_REPRESENTATION             ; SIGNED         ;
;     -- INPUT_A_IS_CONSTANT            ; NO             ;
;     -- INPUT_B_IS_CONSTANT            ; YES            ;
;     -- USE_EAB                        ; OFF            ;
;     -- DEDICATED_MULTIPLIER_CIRCUITRY ; AUTO           ;
;     -- INPUT_A_FIXED_VALUE            ; Bx             ;
;     -- INPUT_B_FIXED_VALUE            ; Bx             ;
; Entity Instance                       ; lpm_mult:Mult3 ;
;     -- LPM_WIDTHA                     ; 9              ;
;     -- LPM_WIDTHB                     ; 16             ;
;     -- LPM_WIDTHP                     ; 25             ;
;     -- LPM_REPRESENTATION             ; SIGNED         ;
;     -- INPUT_A_IS_CONSTANT            ; NO             ;
;     -- INPUT_B_IS_CONSTANT            ; YES            ;
;     -- USE_EAB                        ; OFF            ;
;     -- DEDICATED_MULTIPLIER_CIRCUITRY ; AUTO           ;
;     -- INPUT_A_FIXED_VALUE            ; Bx             ;
;     -- INPUT_B_FIXED_VALUE            ; Bx             ;
; Entity Instance                       ; lpm_mult:Mult2 ;
;     -- LPM_WIDTHA                     ; 9              ;
;     -- LPM_WIDTHB                     ; 16             ;
;     -- LPM_WIDTHP                     ; 25             ;
;     -- LPM_REPRESENTATION             ; SIGNED         ;
;     -- INPUT_A_IS_CONSTANT            ; NO             ;
;     -- INPUT_B_IS_CONSTANT            ; YES            ;
;     -- USE_EAB                        ; OFF            ;
;     -- DEDICATED_MULTIPLIER_CIRCUITRY ; AUTO           ;
;     -- INPUT_A_FIXED_VALUE            ; Bx             ;
;     -- INPUT_B_FIXED_VALUE            ; Bx             ;
+---------------------------------------+----------------+


+-------------------------------+
; Elapsed Time Per Partition    ;
+----------------+--------------+
; Partition Name ; Elapsed Time ;
+----------------+--------------+
; Top            ; 00:00:01     ;
+----------------+--------------+


+-------------------------------+
; Analysis & Synthesis Messages ;
+-------------------------------+
Info: *******************************************************************
Info: Running Quartus II 64-Bit Analysis & Synthesis
    Info: Version 13.0.1 Build 232 06/12/2013 Service Pack 1 SJ Web Edition
    Info: Processing started: Fri Jun 19 08:30:45 2020
Info: Command: quartus_map --read_settings_files=on --write_settings_files=off FFT -c FFT
Info (11104): Parallel Compilation has detected 8 hyper-threaded processors. However, the extra hyper-threaded processors will not be used by default. Parallel Compilation will use 4 of the 4 physical processors detected instead.
Info (12021): Found 2 design units, including 1 entities, in source file fft.vhd
    Info (12022): Found design unit 1: FFT-FFT_impl
    Info (12023): Found entity 1: FFT
Info (12021): Found 2 design units, including 0 entities, in source file fft_utils.vhd
    Info (12022): Found design unit 1: fft_utils
    Info (12022): Found design unit 2: fft_utils-body
Info (12021): Found 1 design units, including 0 entities, in source file fft_twiddle_factors_64.vhd
    Info (12022): Found design unit 1: fft_twiddle_factors_64
Info (12127): Elaborating entity "FFT" for the top level hierarchy
Info (12128): Elaborating entity "FFT" for hierarchy "FFT:\general:fft1"
Info (12128): Elaborating entity "FFT" for hierarchy "FFT:\general:fft1|FFT:\general:fft1"
Info (12128): Elaborating entity "FFT" for hierarchy "FFT:\general:fft1|FFT:\general:fft1|FFT:\general:fft1"
Warning (10445): VHDL Subtype or Type Declaration warning at FFT.vhd(36): subtype or type has null range
Warning (10445): VHDL Subtype or Type Declaration warning at FFT.vhd(37): subtype or type has null range
Warning (10445): VHDL Subtype or Type Declaration warning at FFT.vhd(41): subtype or type has null range
Warning (10445): VHDL Subtype or Type Declaration warning at FFT.vhd(42): subtype or type has null range
Info (278001): Inferred 6 megafunctions from design logic
    Info (278003): Inferred multiplier megafunction ("lpm_mult") from the following logic: "Mult5"
    Info (278003): Inferred multiplier megafunction ("lpm_mult") from the following logic: "Mult4"
    Info (278003): Inferred multiplier megafunction ("lpm_mult") from the following logic: "Mult1"
    Info (278003): Inferred multiplier megafunction ("lpm_mult") from the following logic: "Mult0"
    Info (278003): Inferred multiplier megafunction ("lpm_mult") from the following logic: "Mult3"
    Info (278003): Inferred multiplier megafunction ("lpm_mult") from the following logic: "Mult2"
Info (12130): Elaborated megafunction instantiation "lpm_mult:Mult5"
Info (12133): Instantiated megafunction "lpm_mult:Mult5" with the following parameter:
    Info (12134): Parameter "LPM_WIDTHA" = "9"
    Info (12134): Parameter "LPM_WIDTHB" = "16"
    Info (12134): Parameter "LPM_WIDTHP" = "25"
    Info (12134): Parameter "LPM_WIDTHR" = "25"
    Info (12134): Parameter "LPM_WIDTHS" = "1"
    Info (12134): Parameter "LPM_REPRESENTATION" = "SIGNED"
    Info (12134): Parameter "INPUT_A_IS_CONSTANT" = "NO"
    Info (12134): Parameter "INPUT_B_IS_CONSTANT" = "YES"
    Info (12134): Parameter "MAXIMIZE_SPEED" = "5"
Info (12131): Elaborated megafunction instantiation "lpm_mult:Mult5|multcore:mult_core", which is child of megafunction instantiation "lpm_mult:Mult5"
Info (12131): Elaborated megafunction instantiation "lpm_mult:Mult5|multcore:mult_core|mpar_add:padder", which is child of megafunction instantiation "lpm_mult:Mult5"
Info (12131): Elaborated megafunction instantiation "lpm_mult:Mult5|multcore:mult_core|mpar_add:padder|lpm_add_sub:adder[0]", which is child of megafunction instantiation "lpm_mult:Mult5"
Info (12021): Found 1 design units, including 1 entities, in source file db/add_sub_v4h.tdf
    Info (12023): Found entity 1: add_sub_v4h
Info (12131): Elaborated megafunction instantiation "lpm_mult:Mult5|multcore:mult_core|mpar_add:padder|mpar_add:sub_par_add", which is child of megafunction instantiation "lpm_mult:Mult5"
Info (12131): Elaborated megafunction instantiation "lpm_mult:Mult5|multcore:mult_core|mpar_add:padder|mpar_add:sub_par_add|lpm_add_sub:adder[0]", which is child of megafunction instantiation "lpm_mult:Mult5"
Info (12021): Found 1 design units, including 1 entities, in source file db/add_sub_tfh.tdf
    Info (12023): Found entity 1: add_sub_tfh
Info (12131): Elaborated megafunction instantiation "lpm_mult:Mult5|altshift:external_latency_ffs", which is child of megafunction instantiation "lpm_mult:Mult5"
Info (12130): Elaborated megafunction instantiation "lpm_mult:Mult0"
Info (12133): Instantiated megafunction "lpm_mult:Mult0" with the following parameter:
    Info (12134): Parameter "LPM_WIDTHA" = "9"
    Info (12134): Parameter "LPM_WIDTHB" = "16"
    Info (12134): Parameter "LPM_WIDTHP" = "25"
    Info (12134): Parameter "LPM_WIDTHR" = "25"
    Info (12134): Parameter "LPM_WIDTHS" = "1"
    Info (12134): Parameter "LPM_REPRESENTATION" = "SIGNED"
    Info (12134): Parameter "INPUT_A_IS_CONSTANT" = "NO"
    Info (12134): Parameter "INPUT_B_IS_CONSTANT" = "YES"
    Info (12134): Parameter "MAXIMIZE_SPEED" = "5"
Info (16010): Generating hard_block partition "hard_block:auto_generated_inst"
    Info (16011): Adding 0 node(s), including 0 DDIO, 0 PLL, 0 transceiver and 0 LCELL
Info (21057): Implemented 1301 device resources after synthesis - the final resource count might be different
    Info (21058): Implemented 128 input pins
    Info (21059): Implemented 176 output pins
    Info (21061): Implemented 997 logic cells
Info: Quartus II 64-Bit Analysis & Synthesis was successful. 0 errors, 4 warnings
    Info: Peak virtual memory: 4689 megabytes
    Info: Processing ended: Fri Jun 19 08:30:50 2020
    Info: Elapsed time: 00:00:05
    Info: Total CPU time (on all processors): 00:00:04


